<?xml version="1.0" encoding="UTF-8"?>
<!-- Generated by org.testng.reporters.JUnitXMLReporter -->
<testsuite ignored="0" hostname="LAPTOP-SIRHIF0P" failures="0" tests="4" name="Surefire test" time="0.042" errors="0" timestamp="2023-08-06T10:21:12 IST">
  <testcase classname="songTest" name="multiUser" time="0.005"/>
  <testcase classname="songTest" name="multiUserExceedingCapacity" time="0.0"/>
  <testcase classname="songTest" name="singleUser" time="0.001"/>
  <testcase classname="songTest" name="singleUserExceedingCapacity" time="0.0"/>
</testsuite> <!-- Surefire test -->
